2013/04/16 00:42:09 [error] [php] date(): It is not safe to rely on the system's timezone settings. You are *required* to use the date.timezone setting or the date_default_timezone_set() function. In case you used any of those methods and you are still getting this warning, you most likely misspelled the timezone identifier. We selected the timezone 'UTC' for now, but please set date.timezone to select your timezone. (/Users/greg/projects/testroot/yiitest/protected/views/layouts/main.php:51)
Stack trace:
#0 /Users/greg/projects/dlcc/yii-1.1.13.e9e4a0/framework/web/CBaseController.php(95): SiteController->renderInternal()
#1 /Users/greg/projects/dlcc/yii-1.1.13.e9e4a0/framework/web/widgets/CContentDecorator.php(76): SiteController->renderFile()
#2 /Users/greg/projects/dlcc/yii-1.1.13.e9e4a0/framework/web/widgets/CContentDecorator.php(54): CContentDecorator->decorate()
#3 /Users/greg/projects/dlcc/yii-1.1.13.e9e4a0/framework/web/widgets/COutputProcessor.php(44): CContentDecorator->processOutput()
#4 /Users/greg/projects/dlcc/yii-1.1.13.e9e4a0/framework/web/CBaseController.php(206): CContentDecorator->run()
#5 /Users/greg/projects/dlcc/yii-1.1.13.e9e4a0/framework/web/CBaseController.php(300): SiteController->endWidget()
#6 /Users/greg/projects/testroot/yiitest/protected/views/layouts/column1.php(6): SiteController->endContent()
#7 /Users/greg/projects/dlcc/yii-1.1.13.e9e4a0/framework/web/CBaseController.php(126): require()
#8 /Users/greg/projects/dlcc/yii-1.1.13.e9e4a0/framework/web/CBaseController.php(95): SiteController->renderInternal()
#9 /Users/greg/projects/dlcc/yii-1.1.13.e9e4a0/framework/web/CController.php(784): SiteController->renderFile()
#10 /Users/greg/projects/testroot/yiitest/protected/controllers/SiteController.php(32): SiteController->render()
#11 /Users/greg/projects/dlcc/yii-1.1.13.e9e4a0/framework/web/actions/CInlineAction.php(49): SiteController->actionIndex()
#12 /Users/greg/projects/dlcc/yii-1.1.13.e9e4a0/framework/web/CController.php(308): CInlineAction->runWithParams()
#13 /Users/greg/projects/dlcc/yii-1.1.13.e9e4a0/framework/web/CController.php(286): SiteController->runAction()
#14 /Users/greg/projects/dlcc/yii-1.1.13.e9e4a0/framework/web/CController.php(265): SiteController->runActionWithFilters()
#15 /Users/greg/projects/dlcc/yii-1.1.13.e9e4a0/framework/web/CWebApplication.php(282): SiteController->run()
#16 /Users/greg/projects/dlcc/yii-1.1.13.e9e4a0/framework/web/CWebApplication.php(141): CWebApplication->runController()
#17 /Users/greg/projects/dlcc/yii-1.1.13.e9e4a0/framework/base/CApplication.php(169): CWebApplication->processRequest()
#18 /Users/greg/projects/testroot/yiitest/index.php(13): CWebApplication->run()
REQUEST_URI=/yiitest/index.php
in /Users/greg/projects/testroot/yiitest/protected/views/layouts/main.php (51)
in /Users/greg/projects/testroot/yiitest/protected/views/layouts/column1.php (6)
in /Users/greg/projects/testroot/yiitest/protected/controllers/SiteController.php (32)
2013/04/15 22:41:37 [error] [system.db.CDbCommand] CDbCommand::fetchAll() failed: SQLSTATE[42S02]: Base table or view not found: 1146 Table 'dlcc.restuarants' doesn't exist. The SQL statement executed was: SHOW FULL COLUMNS FROM `restuarants`.
in /Users/greg/projects/testroot/yiitest/index.php (15)
2013/04/15 22:41:42 [error] [system.db.CDbCommand] CDbCommand::fetchAll() failed: SQLSTATE[42S02]: Base table or view not found: 1146 Table 'dlcc.restuarant' doesn't exist. The SQL statement executed was: SHOW FULL COLUMNS FROM `restuarant`.
in /Users/greg/projects/testroot/yiitest/index.php (15)
2013/04/16 00:36:02 [error] [exception.CHttpException.404] exception 'CHttpException' with message 'Unable to resolve the request "attractions".' in /Users/greg/projects/dlcc/yii-1.1.13.e9e4a0/framework/web/CWebApplication.php:286
Stack trace:
#0 /Users/greg/projects/dlcc/yii-1.1.13.e9e4a0/framework/web/CWebApplication.php(141): CWebApplication->runController('attractions')
#1 /Users/greg/projects/dlcc/yii-1.1.13.e9e4a0/framework/base/CApplication.php(169): CWebApplication->processRequest()
#2 /Users/greg/projects/testroot/yiitest/index.php(15): CApplication->run()
#3 {main}
REQUEST_URI=/yiitest/index.php?r=attractions
HTTP_REFERER=http://127.0.0.1/yiitest/index.php
---
2013/04/17 16:32:22 [error] [system.db.CDbCommand] CDbCommand::execute() failed: SQLSTATE[22007]: Invalid datetime format: 1292 Incorrect date value: '3/22/2014' for column 'start_date' at row 1. The SQL statement executed was: INSERT INTO `event` (`name`, `website`, `start_date`, `end_date`, `description`) VALUES (:yp0, :yp1, :yp2, :yp3, :yp4).
2013/04/17 16:32:22 [error] [exception.CDbException] exception 'CDbException' with message 'CDbCommand failed to execute the SQL statement: SQLSTATE[22007]: Invalid datetime format: 1292 Incorrect date value: '3/22/2014' for column 'start_date' at row 1' in /Users/greg/projects/dlcc/dlcc-site/yii-1.1.13.e9e4a0/framework/db/CDbCommand.php:357
Stack trace:
#0 /Users/greg/projects/dlcc/dlcc-site/yii-1.1.13.e9e4a0/framework/db/ar/CActiveRecord.php(1023): CDbCommand->execute()
#1 /Users/greg/projects/dlcc/dlcc-site/yii-1.1.13.e9e4a0/framework/db/ar/CActiveRecord.php(795): CActiveRecord->insert(NULL)
#2 /Users/greg/projects/dlcc/dlcc-site/www/data-admin/protected/controllers/EventController.php(73): CActiveRecord->save()
#3 /Users/greg/projects/dlcc/dlcc-site/yii-1.1.13.e9e4a0/framework/web/actions/CInlineAction.php(49): EventController->actionCreate()
#4 /Users/greg/projects/dlcc/dlcc-site/yii-1.1.13.e9e4a0/framework/web/CController.php(308): CInlineAction->runWithParams(Array)
#5 /Users/greg/projects/dlcc/dlcc-site/yii-1.1.13.e9e4a0/framework/web/filters/CFilterChain.php(133): CController->runAction(Object(CInlineAction))
#6 /Users/greg/projects/dlcc/dlcc-site/yii-1.1.13.e9e4a0/framework/web/filters/CFilter.php(40): CFilterChain->run()
#7 /Users/greg/projects/dlcc/dlcc-site/yii-1.1.13.e9e4a0/framework/web/CController.php(1145): CFilter->filter(Object(CFilterChain))
#8 /Users/greg/projects/dlcc/dlcc-site/yii-1.1.13.e9e4a0/framework/web/filters/CInlineFilter.php(58): CController->filterAccessControl(Object(CFilterChain))
#9 /Users/greg/projects/dlcc/dlcc-site/yii-1.1.13.e9e4a0/framework/web/filters/CFilterChain.php(130): CInlineFilter->filter(Object(CFilterChain))
#10 /Users/greg/projects/dlcc/dlcc-site/yii-1.1.13.e9e4a0/framework/web/CController.php(291): CFilterChain->run()
#11 /Users/greg/projects/dlcc/dlcc-site/yii-1.1.13.e9e4a0/framework/web/CController.php(265): CController->runActionWithFilters(Object(CInlineAction), Array)
#12 /Users/greg/projects/dlcc/dlcc-site/yii-1.1.13.e9e4a0/framework/web/CWebApplication.php(282): CController->run('create')
#13 /Users/greg/projects/dlcc/dlcc-site/yii-1.1.13.e9e4a0/framework/web/CWebApplication.php(141): CWebApplication->runController('event/create')
#14 /Users/greg/projects/dlcc/dlcc-site/yii-1.1.13.e9e4a0/framework/base/CApplication.php(169): CWebApplication->processRequest()
#15 /Users/greg/projects/dlcc/dlcc-site/www/data-admin/index.php(13): CApplication->run()
#16 {main}
REQUEST_URI=/dlcc/data-admin/index.php?r=event/create
HTTP_REFERER=http://127.0.0.1/dlcc/data-admin/index.php?r=event/create
---
2013/04/17 16:32:34 [error] [exception.CHttpException.404] exception 'CHttpException' with message 'The system is unable to find the requested action "add".' in /Users/greg/projects/dlcc/dlcc-site/yii-1.1.13.e9e4a0/framework/web/CController.php:483
Stack trace:
#0 /Users/greg/projects/dlcc/dlcc-site/yii-1.1.13.e9e4a0/framework/web/CController.php(270): CController->missingAction('add')
#1 /Users/greg/projects/dlcc/dlcc-site/yii-1.1.13.e9e4a0/framework/web/CWebApplication.php(282): CController->run('add')
#2 /Users/greg/projects/dlcc/dlcc-site/yii-1.1.13.e9e4a0/framework/web/CWebApplication.php(141): CWebApplication->runController('event/add')
#3 /Users/greg/projects/dlcc/dlcc-site/yii-1.1.13.e9e4a0/framework/base/CApplication.php(169): CWebApplication->processRequest()
#4 /Users/greg/projects/dlcc/dlcc-site/www/data-admin/index.php(13): CApplication->run()
#5 {main}
REQUEST_URI=/dlcc/data-admin/index.php?r=event/add
---
2013/04/17 16:32:58 [error] [system.db.CDbCommand] CDbCommand::execute() failed: SQLSTATE[22007]: Invalid datetime format: 1292 Incorrect date value: '03/22/1984' for column 'start_date' at row 1. The SQL statement executed was: INSERT INTO `event` (`name`, `website`, `start_date`, `end_date`, `description`) VALUES (:yp0, :yp1, :yp2, :yp3, :yp4).
2013/04/17 16:32:58 [error] [exception.CDbException] exception 'CDbException' with message 'CDbCommand failed to execute the SQL statement: SQLSTATE[22007]: Invalid datetime format: 1292 Incorrect date value: '03/22/1984' for column 'start_date' at row 1' in /Users/greg/projects/dlcc/dlcc-site/yii-1.1.13.e9e4a0/framework/db/CDbCommand.php:357
Stack trace:
#0 /Users/greg/projects/dlcc/dlcc-site/yii-1.1.13.e9e4a0/framework/db/ar/CActiveRecord.php(1023): CDbCommand->execute()
#1 /Users/greg/projects/dlcc/dlcc-site/yii-1.1.13.e9e4a0/framework/db/ar/CActiveRecord.php(795): CActiveRecord->insert(NULL)
#2 /Users/greg/projects/dlcc/dlcc-site/www/data-admin/protected/controllers/EventController.php(73): CActiveRecord->save()
#3 /Users/greg/projects/dlcc/dlcc-site/yii-1.1.13.e9e4a0/framework/web/actions/CInlineAction.php(49): EventController->actionCreate()
#4 /Users/greg/projects/dlcc/dlcc-site/yii-1.1.13.e9e4a0/framework/web/CController.php(308): CInlineAction->runWithParams(Array)
#5 /Users/greg/projects/dlcc/dlcc-site/yii-1.1.13.e9e4a0/framework/web/filters/CFilterChain.php(133): CController->runAction(Object(CInlineAction))
#6 /Users/greg/projects/dlcc/dlcc-site/yii-1.1.13.e9e4a0/framework/web/filters/CFilter.php(40): CFilterChain->run()
#7 /Users/greg/projects/dlcc/dlcc-site/yii-1.1.13.e9e4a0/framework/web/CController.php(1145): CFilter->filter(Object(CFilterChain))
#8 /Users/greg/projects/dlcc/dlcc-site/yii-1.1.13.e9e4a0/framework/web/filters/CInlineFilter.php(58): CController->filterAccessControl(Object(CFilterChain))
#9 /Users/greg/projects/dlcc/dlcc-site/yii-1.1.13.e9e4a0/framework/web/filters/CFilterChain.php(130): CInlineFilter->filter(Object(CFilterChain))
#10 /Users/greg/projects/dlcc/dlcc-site/yii-1.1.13.e9e4a0/framework/web/CController.php(291): CFilterChain->run()
#11 /Users/greg/projects/dlcc/dlcc-site/yii-1.1.13.e9e4a0/framework/web/CController.php(265): CController->runActionWithFilters(Object(CInlineAction), Array)
#12 /Users/greg/projects/dlcc/dlcc-site/yii-1.1.13.e9e4a0/framework/web/CWebApplication.php(282): CController->run('create')
#13 /Users/greg/projects/dlcc/dlcc-site/yii-1.1.13.e9e4a0/framework/web/CWebApplication.php(141): CWebApplication->runController('event/create')
#14 /Users/greg/projects/dlcc/dlcc-site/yii-1.1.13.e9e4a0/framework/base/CApplication.php(169): CWebApplication->processRequest()
#15 /Users/greg/projects/dlcc/dlcc-site/www/data-admin/index.php(13): CApplication->run()
#16 {main}
REQUEST_URI=/dlcc/data-admin/index.php?r=event/create
HTTP_REFERER=http://127.0.0.1/dlcc/data-admin/index.php?r=event/create
---
2013/04/17 16:33:15 [error] [system.db.CDbCommand] CDbCommand::execute() failed: SQLSTATE[22007]: Invalid datetime format: 1292 Incorrect date value: '2013/22/03' for column 'start_date' at row 1. The SQL statement executed was: INSERT INTO `event` (`name`, `website`, `start_date`, `end_date`, `description`) VALUES (:yp0, :yp1, :yp2, :yp3, :yp4).
2013/04/17 16:33:15 [error] [exception.CDbException] exception 'CDbException' with message 'CDbCommand failed to execute the SQL statement: SQLSTATE[22007]: Invalid datetime format: 1292 Incorrect date value: '2013/22/03' for column 'start_date' at row 1' in /Users/greg/projects/dlcc/dlcc-site/yii-1.1.13.e9e4a0/framework/db/CDbCommand.php:357
Stack trace:
#0 /Users/greg/projects/dlcc/dlcc-site/yii-1.1.13.e9e4a0/framework/db/ar/CActiveRecord.php(1023): CDbCommand->execute()
#1 /Users/greg/projects/dlcc/dlcc-site/yii-1.1.13.e9e4a0/framework/db/ar/CActiveRecord.php(795): CActiveRecord->insert(NULL)
#2 /Users/greg/projects/dlcc/dlcc-site/www/data-admin/protected/controllers/EventController.php(73): CActiveRecord->save()
#3 /Users/greg/projects/dlcc/dlcc-site/yii-1.1.13.e9e4a0/framework/web/actions/CInlineAction.php(49): EventController->actionCreate()
#4 /Users/greg/projects/dlcc/dlcc-site/yii-1.1.13.e9e4a0/framework/web/CController.php(308): CInlineAction->runWithParams(Array)
#5 /Users/greg/projects/dlcc/dlcc-site/yii-1.1.13.e9e4a0/framework/web/filters/CFilterChain.php(133): CController->runAction(Object(CInlineAction))
#6 /Users/greg/projects/dlcc/dlcc-site/yii-1.1.13.e9e4a0/framework/web/filters/CFilter.php(40): CFilterChain->run()
#7 /Users/greg/projects/dlcc/dlcc-site/yii-1.1.13.e9e4a0/framework/web/CController.php(1145): CFilter->filter(Object(CFilterChain))
#8 /Users/greg/projects/dlcc/dlcc-site/yii-1.1.13.e9e4a0/framework/web/filters/CInlineFilter.php(58): CController->filterAccessControl(Object(CFilterChain))
#9 /Users/greg/projects/dlcc/dlcc-site/yii-1.1.13.e9e4a0/framework/web/filters/CFilterChain.php(130): CInlineFilter->filter(Object(CFilterChain))
#10 /Users/greg/projects/dlcc/dlcc-site/yii-1.1.13.e9e4a0/framework/web/CController.php(291): CFilterChain->run()
#11 /Users/greg/projects/dlcc/dlcc-site/yii-1.1.13.e9e4a0/framework/web/CController.php(265): CController->runActionWithFilters(Object(CInlineAction), Array)
#12 /Users/greg/projects/dlcc/dlcc-site/yii-1.1.13.e9e4a0/framework/web/CWebApplication.php(282): CController->run('create')
#13 /Users/greg/projects/dlcc/dlcc-site/yii-1.1.13.e9e4a0/framework/web/CWebApplication.php(141): CWebApplication->runController('event/create')
#14 /Users/greg/projects/dlcc/dlcc-site/yii-1.1.13.e9e4a0/framework/base/CApplication.php(169): CWebApplication->processRequest()
#15 /Users/greg/projects/dlcc/dlcc-site/www/data-admin/index.php(13): CApplication->run()
#16 {main}
REQUEST_URI=/dlcc/data-admin/index.php?r=event/create
HTTP_REFERER=http://127.0.0.1/dlcc/data-admin/index.php?r=event/create
---
2013/04/17 16:33:24 [error] [system.db.CDbCommand] CDbCommand::execute() failed: SQLSTATE[22007]: Invalid datetime format: 1292 Incorrect date value: '20132203' for column 'start_date' at row 1. The SQL statement executed was: INSERT INTO `event` (`name`, `website`, `start_date`, `end_date`, `description`) VALUES (:yp0, :yp1, :yp2, :yp3, :yp4).
2013/04/17 16:33:24 [error] [exception.CDbException] exception 'CDbException' with message 'CDbCommand failed to execute the SQL statement: SQLSTATE[22007]: Invalid datetime format: 1292 Incorrect date value: '20132203' for column 'start_date' at row 1' in /Users/greg/projects/dlcc/dlcc-site/yii-1.1.13.e9e4a0/framework/db/CDbCommand.php:357
Stack trace:
#0 /Users/greg/projects/dlcc/dlcc-site/yii-1.1.13.e9e4a0/framework/db/ar/CActiveRecord.php(1023): CDbCommand->execute()
#1 /Users/greg/projects/dlcc/dlcc-site/yii-1.1.13.e9e4a0/framework/db/ar/CActiveRecord.php(795): CActiveRecord->insert(NULL)
#2 /Users/greg/projects/dlcc/dlcc-site/www/data-admin/protected/controllers/EventController.php(73): CActiveRecord->save()
#3 /Users/greg/projects/dlcc/dlcc-site/yii-1.1.13.e9e4a0/framework/web/actions/CInlineAction.php(49): EventController->actionCreate()
#4 /Users/greg/projects/dlcc/dlcc-site/yii-1.1.13.e9e4a0/framework/web/CController.php(308): CInlineAction->runWithParams(Array)
#5 /Users/greg/projects/dlcc/dlcc-site/yii-1.1.13.e9e4a0/framework/web/filters/CFilterChain.php(133): CController->runAction(Object(CInlineAction))
#6 /Users/greg/projects/dlcc/dlcc-site/yii-1.1.13.e9e4a0/framework/web/filters/CFilter.php(40): CFilterChain->run()
#7 /Users/greg/projects/dlcc/dlcc-site/yii-1.1.13.e9e4a0/framework/web/CController.php(1145): CFilter->filter(Object(CFilterChain))
#8 /Users/greg/projects/dlcc/dlcc-site/yii-1.1.13.e9e4a0/framework/web/filters/CInlineFilter.php(58): CController->filterAccessControl(Object(CFilterChain))
#9 /Users/greg/projects/dlcc/dlcc-site/yii-1.1.13.e9e4a0/framework/web/filters/CFilterChain.php(130): CInlineFilter->filter(Object(CFilterChain))
#10 /Users/greg/projects/dlcc/dlcc-site/yii-1.1.13.e9e4a0/framework/web/CController.php(291): CFilterChain->run()
#11 /Users/greg/projects/dlcc/dlcc-site/yii-1.1.13.e9e4a0/framework/web/CController.php(265): CController->runActionWithFilters(Object(CInlineAction), Array)
#12 /Users/greg/projects/dlcc/dlcc-site/yii-1.1.13.e9e4a0/framework/web/CWebApplication.php(282): CController->run('create')
#13 /Users/greg/projects/dlcc/dlcc-site/yii-1.1.13.e9e4a0/framework/web/CWebApplication.php(141): CWebApplication->runController('event/create')
#14 /Users/greg/projects/dlcc/dlcc-site/yii-1.1.13.e9e4a0/framework/base/CApplication.php(169): CWebApplication->processRequest()
#15 /Users/greg/projects/dlcc/dlcc-site/www/data-admin/index.php(13): CApplication->run()
#16 {main}
REQUEST_URI=/dlcc/data-admin/index.php?r=event/create
HTTP_REFERER=http://127.0.0.1/dlcc/data-admin/index.php?r=event/create
---
2013/04/17 16:34:17 [error] [system.db.CDbCommand] CDbCommand::execute() failed: SQLSTATE[22007]: Invalid datetime format: 1292 Incorrect date value: '2013-22-03' for column 'start_date' at row 1. The SQL statement executed was: INSERT INTO `event` (`name`, `website`, `start_date`, `end_date`, `description`) VALUES (:yp0, :yp1, :yp2, :yp3, :yp4).
2013/04/17 16:34:17 [error] [exception.CDbException] exception 'CDbException' with message 'CDbCommand failed to execute the SQL statement: SQLSTATE[22007]: Invalid datetime format: 1292 Incorrect date value: '2013-22-03' for column 'start_date' at row 1' in /Users/greg/projects/dlcc/dlcc-site/yii-1.1.13.e9e4a0/framework/db/CDbCommand.php:357
Stack trace:
#0 /Users/greg/projects/dlcc/dlcc-site/yii-1.1.13.e9e4a0/framework/db/ar/CActiveRecord.php(1023): CDbCommand->execute()
#1 /Users/greg/projects/dlcc/dlcc-site/yii-1.1.13.e9e4a0/framework/db/ar/CActiveRecord.php(795): CActiveRecord->insert(NULL)
#2 /Users/greg/projects/dlcc/dlcc-site/www/data-admin/protected/controllers/EventController.php(73): CActiveRecord->save()
#3 /Users/greg/projects/dlcc/dlcc-site/yii-1.1.13.e9e4a0/framework/web/actions/CInlineAction.php(49): EventController->actionCreate()
#4 /Users/greg/projects/dlcc/dlcc-site/yii-1.1.13.e9e4a0/framework/web/CController.php(308): CInlineAction->runWithParams(Array)
#5 /Users/greg/projects/dlcc/dlcc-site/yii-1.1.13.e9e4a0/framework/web/filters/CFilterChain.php(133): CController->runAction(Object(CInlineAction))
#6 /Users/greg/projects/dlcc/dlcc-site/yii-1.1.13.e9e4a0/framework/web/filters/CFilter.php(40): CFilterChain->run()
#7 /Users/greg/projects/dlcc/dlcc-site/yii-1.1.13.e9e4a0/framework/web/CController.php(1145): CFilter->filter(Object(CFilterChain))
#8 /Users/greg/projects/dlcc/dlcc-site/yii-1.1.13.e9e4a0/framework/web/filters/CInlineFilter.php(58): CController->filterAccessControl(Object(CFilterChain))
#9 /Users/greg/projects/dlcc/dlcc-site/yii-1.1.13.e9e4a0/framework/web/filters/CFilterChain.php(130): CInlineFilter->filter(Object(CFilterChain))
#10 /Users/greg/projects/dlcc/dlcc-site/yii-1.1.13.e9e4a0/framework/web/CController.php(291): CFilterChain->run()
#11 /Users/greg/projects/dlcc/dlcc-site/yii-1.1.13.e9e4a0/framework/web/CController.php(265): CController->runActionWithFilters(Object(CInlineAction), Array)
#12 /Users/greg/projects/dlcc/dlcc-site/yii-1.1.13.e9e4a0/framework/web/CWebApplication.php(282): CController->run('create')
#13 /Users/greg/projects/dlcc/dlcc-site/yii-1.1.13.e9e4a0/framework/web/CWebApplication.php(141): CWebApplication->runController('event/create')
#14 /Users/greg/projects/dlcc/dlcc-site/yii-1.1.13.e9e4a0/framework/base/CApplication.php(169): CWebApplication->processRequest()
#15 /Users/greg/projects/dlcc/dlcc-site/www/data-admin/index.php(13): CApplication->run()
#16 {main}
REQUEST_URI=/dlcc/data-admin/index.php?r=event/create
HTTP_REFERER=http://127.0.0.1/dlcc/data-admin/index.php?r=event/create
---
2013/04/17 17:57:38 [error] [exception.CException] exception 'CException' with message 'Property "Event.description" is not defined.' in /Users/greg/projects/dlcc/dlcc-site/yii-1.1.13.e9e4a0/framework/base/CComponent.php:130
Stack trace:
#0 /Users/greg/projects/dlcc/dlcc-site/yii-1.1.13.e9e4a0/framework/db/ar/CActiveRecord.php(143): CComponent->__get('description')
#1 /Users/greg/projects/dlcc/dlcc-site/www/data-admin/protected/views/event/_view.php(29): CActiveRecord->__get('description')
#2 /Users/greg/projects/dlcc/dlcc-site/yii-1.1.13.e9e4a0/framework/web/CBaseController.php(130): require('/Users/greg/pro...')
#3 /Users/greg/projects/dlcc/dlcc-site/yii-1.1.13.e9e4a0/framework/web/CBaseController.php(95): CBaseController->renderInternal('/Users/greg/pro...', Array, false)
#4 /Users/greg/projects/dlcc/dlcc-site/yii-1.1.13.e9e4a0/framework/zii/widgets/CListView.php(281): CBaseController->renderFile('/Users/greg/pro...', Array)
#5 /Users/greg/projects/dlcc/dlcc-site/yii-1.1.13.e9e4a0/framework/zii/widgets/CBaseListView.php(160): CListView->renderItems()
#6 [internal function]: CBaseListView->renderSection(Array)
#7 /Users/greg/projects/dlcc/dlcc-site/yii-1.1.13.e9e4a0/framework/zii/widgets/CBaseListView.php(143): preg_replace_callback('/{(\w+)}/', Array, '{summary}?{sort...')
#8 /Users/greg/projects/dlcc/dlcc-site/yii-1.1.13.e9e4a0/framework/zii/widgets/CBaseListView.php(128): CBaseListView->renderContent()
#9 /Users/greg/projects/dlcc/dlcc-site/yii-1.1.13.e9e4a0/framework/web/CBaseController.php(173): CBaseListView->run()
#10 /Users/greg/projects/dlcc/dlcc-site/www/data-admin/protected/views/event/index.php(20): CBaseController->widget('zii.widgets.CLi...', Array)
#11 /Users/greg/projects/dlcc/dlcc-site/yii-1.1.13.e9e4a0/framework/web/CBaseController.php(126): require('/Users/greg/pro...')
#12 /Users/greg/projects/dlcc/dlcc-site/yii-1.1.13.e9e4a0/framework/web/CBaseController.php(95): CBaseController->renderInternal('/Users/greg/pro...', Array, true)
#13 /Users/greg/projects/dlcc/dlcc-site/yii-1.1.13.e9e4a0/framework/web/CController.php(869): CBaseController->renderFile('/Users/greg/pro...', Array, true)
#14 /Users/greg/projects/dlcc/dlcc-site/yii-1.1.13.e9e4a0/framework/web/CController.php(782): CController->renderPartial('index', Array, true)
#15 /Users/greg/projects/dlcc/dlcc-site/www/data-admin/protected/controllers/EventController.php(128): CController->render('index', Array)
#16 /Users/greg/projects/dlcc/dlcc-site/yii-1.1.13.e9e4a0/framework/web/actions/CInlineAction.php(49): EventController->actionIndex()
#17 /Users/greg/projects/dlcc/dlcc-site/yii-1.1.13.e9e4a0/framework/web/CController.php(308): CInlineAction->runWithParams(Array)
#18 /Users/greg/projects/dlcc/dlcc-site/yii-1.1.13.e9e4a0/framework/web/filters/CFilterChain.php(133): CController->runAction(Object(CInlineAction))
#19 /Users/greg/projects/dlcc/dlcc-site/yii-1.1.13.e9e4a0/framework/web/filters/CFilter.php(40): CFilterChain->run()
#20 /Users/greg/projects/dlcc/dlcc-site/yii-1.1.13.e9e4a0/framework/web/CController.php(1145): CFilter->filter(Object(CFilterChain))
#21 /Users/greg/projects/dlcc/dlcc-site/yii-1.1.13.e9e4a0/framework/web/filters/CInlineFilter.php(58): CController->filterAccessControl(Object(CFilterChain))
#22 /Users/greg/projects/dlcc/dlcc-site/yii-1.1.13.e9e4a0/framework/web/filters/CFilterChain.php(130): CInlineFilter->filter(Object(CFilterChain))
#23 /Users/greg/projects/dlcc/dlcc-site/yii-1.1.13.e9e4a0/framework/web/CController.php(291): CFilterChain->run()
#24 /Users/greg/projects/dlcc/dlcc-site/yii-1.1.13.e9e4a0/framework/web/CController.php(265): CController->runActionWithFilters(Object(CInlineAction), Array)
#25 /Users/greg/projects/dlcc/dlcc-site/yii-1.1.13.e9e4a0/framework/web/CWebApplication.php(282): CController->run('index')
#26 /Users/greg/projects/dlcc/dlcc-site/yii-1.1.13.e9e4a0/framework/web/CWebApplication.php(141): CWebApplication->runController('event/index')
#27 /Users/greg/projects/dlcc/dlcc-site/yii-1.1.13.e9e4a0/framework/base/CApplication.php(169): CWebApplication->processRequest()
#28 /Users/greg/projects/dlcc/dlcc-site/www/data-admin/index.php(13): CApplication->run()
#29 {main}
REQUEST_URI=/dlcc/data-admin/index.php?r=event/index
HTTP_REFERER=http://127.0.0.1/dlcc/data-admin/index.php?r=event/view&id=3
---
2013/04/17 17:57:43 [error] [exception.CException] exception 'CException' with message 'Property "Event.description" is not defined.' in /Users/greg/projects/dlcc/dlcc-site/yii-1.1.13.e9e4a0/framework/base/CComponent.php:130
Stack trace:
#0 /Users/greg/projects/dlcc/dlcc-site/yii-1.1.13.e9e4a0/framework/db/ar/CActiveRecord.php(143): CComponent->__get('description')
#1 /Users/greg/projects/dlcc/dlcc-site/www/data-admin/protected/views/event/_view.php(29): CActiveRecord->__get('description')
#2 /Users/greg/projects/dlcc/dlcc-site/yii-1.1.13.e9e4a0/framework/web/CBaseController.php(130): require('/Users/greg/pro...')
#3 /Users/greg/projects/dlcc/dlcc-site/yii-1.1.13.e9e4a0/framework/web/CBaseController.php(95): CBaseController->renderInternal('/Users/greg/pro...', Array, false)
#4 /Users/greg/projects/dlcc/dlcc-site/yii-1.1.13.e9e4a0/framework/zii/widgets/CListView.php(281): CBaseController->renderFile('/Users/greg/pro...', Array)
#5 /Users/greg/projects/dlcc/dlcc-site/yii-1.1.13.e9e4a0/framework/zii/widgets/CBaseListView.php(160): CListView->renderItems()
#6 [internal function]: CBaseListView->renderSection(Array)
#7 /Users/greg/projects/dlcc/dlcc-site/yii-1.1.13.e9e4a0/framework/zii/widgets/CBaseListView.php(143): preg_replace_callback('/{(\w+)}/', Array, '{summary}?{sort...')
#8 /Users/greg/projects/dlcc/dlcc-site/yii-1.1.13.e9e4a0/framework/zii/widgets/CBaseListView.php(128): CBaseListView->renderContent()
#9 /Users/greg/projects/dlcc/dlcc-site/yii-1.1.13.e9e4a0/framework/web/CBaseController.php(173): CBaseListView->run()
#10 /Users/greg/projects/dlcc/dlcc-site/www/data-admin/protected/views/event/index.php(20): CBaseController->widget('zii.widgets.CLi...', Array)
#11 /Users/greg/projects/dlcc/dlcc-site/yii-1.1.13.e9e4a0/framework/web/CBaseController.php(126): require('/Users/greg/pro...')
#12 /Users/greg/projects/dlcc/dlcc-site/yii-1.1.13.e9e4a0/framework/web/CBaseController.php(95): CBaseController->renderInternal('/Users/greg/pro...', Array, true)
#13 /Users/greg/projects/dlcc/dlcc-site/yii-1.1.13.e9e4a0/framework/web/CController.php(869): CBaseController->renderFile('/Users/greg/pro...', Array, true)
#14 /Users/greg/projects/dlcc/dlcc-site/yii-1.1.13.e9e4a0/framework/web/CController.php(782): CController->renderPartial('index', Array, true)
#15 /Users/greg/projects/dlcc/dlcc-site/www/data-admin/protected/controllers/EventController.php(128): CController->render('index', Array)
#16 /Users/greg/projects/dlcc/dlcc-site/yii-1.1.13.e9e4a0/framework/web/actions/CInlineAction.php(49): EventController->actionIndex()
#17 /Users/greg/projects/dlcc/dlcc-site/yii-1.1.13.e9e4a0/framework/web/CController.php(308): CInlineAction->runWithParams(Array)
#18 /Users/greg/projects/dlcc/dlcc-site/yii-1.1.13.e9e4a0/framework/web/filters/CFilterChain.php(133): CController->runAction(Object(CInlineAction))
#19 /Users/greg/projects/dlcc/dlcc-site/yii-1.1.13.e9e4a0/framework/web/filters/CFilter.php(40): CFilterChain->run()
#20 /Users/greg/projects/dlcc/dlcc-site/yii-1.1.13.e9e4a0/framework/web/CController.php(1145): CFilter->filter(Object(CFilterChain))
#21 /Users/greg/projects/dlcc/dlcc-site/yii-1.1.13.e9e4a0/framework/web/filters/CInlineFilter.php(58): CController->filterAccessControl(Object(CFilterChain))
#22 /Users/greg/projects/dlcc/dlcc-site/yii-1.1.13.e9e4a0/framework/web/filters/CFilterChain.php(130): CInlineFilter->filter(Object(CFilterChain))
#23 /Users/greg/projects/dlcc/dlcc-site/yii-1.1.13.e9e4a0/framework/web/CController.php(291): CFilterChain->run()
#24 /Users/greg/projects/dlcc/dlcc-site/yii-1.1.13.e9e4a0/framework/web/CController.php(265): CController->runActionWithFilters(Object(CInlineAction), Array)
#25 /Users/greg/projects/dlcc/dlcc-site/yii-1.1.13.e9e4a0/framework/web/CWebApplication.php(282): CController->run('')
#26 /Users/greg/projects/dlcc/dlcc-site/yii-1.1.13.e9e4a0/framework/web/CWebApplication.php(141): CWebApplication->runController('event')
#27 /Users/greg/projects/dlcc/dlcc-site/yii-1.1.13.e9e4a0/framework/base/CApplication.php(169): CWebApplication->processRequest()
#28 /Users/greg/projects/dlcc/dlcc-site/www/data-admin/index.php(13): CApplication->run()
#29 {main}
REQUEST_URI=/dlcc/data-admin/index.php?r=event
HTTP_REFERER=http://127.0.0.1/dlcc/data-admin/index.php?r=site/index
---
2013/04/17 17:58:17 [error] [exception.CException] exception 'CException' with message 'Property "Event.description" is not defined.' in /Users/greg/projects/dlcc/dlcc-site/yii-1.1.13.e9e4a0/framework/base/CComponent.php:130
Stack trace:
#0 /Users/greg/projects/dlcc/dlcc-site/yii-1.1.13.e9e4a0/framework/db/ar/CActiveRecord.php(143): CComponent->__get('description')
#1 /Users/greg/projects/dlcc/dlcc-site/www/data-admin/protected/views/event/_view.php(29): CActiveRecord->__get('description')
#2 /Users/greg/projects/dlcc/dlcc-site/yii-1.1.13.e9e4a0/framework/web/CBaseController.php(130): require('/Users/greg/pro...')
#3 /Users/greg/projects/dlcc/dlcc-site/yii-1.1.13.e9e4a0/framework/web/CBaseController.php(95): CBaseController->renderInternal('/Users/greg/pro...', Array, false)
#4 /Users/greg/projects/dlcc/dlcc-site/yii-1.1.13.e9e4a0/framework/zii/widgets/CListView.php(281): CBaseController->renderFile('/Users/greg/pro...', Array)
#5 /Users/greg/projects/dlcc/dlcc-site/yii-1.1.13.e9e4a0/framework/zii/widgets/CBaseListView.php(160): CListView->renderItems()
#6 [internal function]: CBaseListView->renderSection(Array)
#7 /Users/greg/projects/dlcc/dlcc-site/yii-1.1.13.e9e4a0/framework/zii/widgets/CBaseListView.php(143): preg_replace_callback('/{(\w+)}/', Array, '{summary}?{sort...')
#8 /Users/greg/projects/dlcc/dlcc-site/yii-1.1.13.e9e4a0/framework/zii/widgets/CBaseListView.php(128): CBaseListView->renderContent()
#9 /Users/greg/projects/dlcc/dlcc-site/yii-1.1.13.e9e4a0/framework/web/CBaseController.php(173): CBaseListView->run()
#10 /Users/greg/projects/dlcc/dlcc-site/www/data-admin/protected/views/event/index.php(20): CBaseController->widget('zii.widgets.CLi...', Array)
#11 /Users/greg/projects/dlcc/dlcc-site/yii-1.1.13.e9e4a0/framework/web/CBaseController.php(126): require('/Users/greg/pro...')
#12 /Users/greg/projects/dlcc/dlcc-site/yii-1.1.13.e9e4a0/framework/web/CBaseController.php(95): CBaseController->renderInternal('/Users/greg/pro...', Array, true)
#13 /Users/greg/projects/dlcc/dlcc-site/yii-1.1.13.e9e4a0/framework/web/CController.php(869): CBaseController->renderFile('/Users/greg/pro...', Array, true)
#14 /Users/greg/projects/dlcc/dlcc-site/yii-1.1.13.e9e4a0/framework/web/CController.php(782): CController->renderPartial('index', Array, true)
#15 /Users/greg/projects/dlcc/dlcc-site/www/data-admin/protected/controllers/EventController.php(128): CController->render('index', Array)
#16 /Users/greg/projects/dlcc/dlcc-site/yii-1.1.13.e9e4a0/framework/web/actions/CInlineAction.php(49): EventController->actionIndex()
#17 /Users/greg/projects/dlcc/dlcc-site/yii-1.1.13.e9e4a0/framework/web/CController.php(308): CInlineAction->runWithParams(Array)
#18 /Users/greg/projects/dlcc/dlcc-site/yii-1.1.13.e9e4a0/framework/web/filters/CFilterChain.php(133): CController->runAction(Object(CInlineAction))
#19 /Users/greg/projects/dlcc/dlcc-site/yii-1.1.13.e9e4a0/framework/web/filters/CFilter.php(40): CFilterChain->run()
#20 /Users/greg/projects/dlcc/dlcc-site/yii-1.1.13.e9e4a0/framework/web/CController.php(1145): CFilter->filter(Object(CFilterChain))
#21 /Users/greg/projects/dlcc/dlcc-site/yii-1.1.13.e9e4a0/framework/web/filters/CInlineFilter.php(58): CController->filterAccessControl(Object(CFilterChain))
#22 /Users/greg/projects/dlcc/dlcc-site/yii-1.1.13.e9e4a0/framework/web/filters/CFilterChain.php(130): CInlineFilter->filter(Object(CFilterChain))
#23 /Users/greg/projects/dlcc/dlcc-site/yii-1.1.13.e9e4a0/framework/web/CController.php(291): CFilterChain->run()
#24 /Users/greg/projects/dlcc/dlcc-site/yii-1.1.13.e9e4a0/framework/web/CController.php(265): CController->runActionWithFilters(Object(CInlineAction), Array)
#25 /Users/greg/projects/dlcc/dlcc-site/yii-1.1.13.e9e4a0/framework/web/CWebApplication.php(282): CController->run('')
#26 /Users/greg/projects/dlcc/dlcc-site/yii-1.1.13.e9e4a0/framework/web/CWebApplication.php(141): CWebApplication->runController('event')
#27 /Users/greg/projects/dlcc/dlcc-site/yii-1.1.13.e9e4a0/framework/base/CApplication.php(169): CWebApplication->processRequest()
#28 /Users/greg/projects/dlcc/dlcc-site/www/data-admin/index.php(13): CApplication->run()
#29 {main}
REQUEST_URI=/dlcc/data-admin/index.php?r=event
HTTP_REFERER=http://127.0.0.1/dlcc/data-admin/index.php?r=gii/crud
---
2013/04/17 17:58:23 [error] [exception.CException] exception 'CException' with message 'Property "Event.description" is not defined.' in /Users/greg/projects/dlcc/dlcc-site/yii-1.1.13.e9e4a0/framework/base/CComponent.php:130
Stack trace:
#0 /Users/greg/projects/dlcc/dlcc-site/yii-1.1.13.e9e4a0/framework/db/ar/CActiveRecord.php(143): CComponent->__get('description')
#1 /Users/greg/projects/dlcc/dlcc-site/www/data-admin/protected/views/event/_view.php(29): CActiveRecord->__get('description')
#2 /Users/greg/projects/dlcc/dlcc-site/yii-1.1.13.e9e4a0/framework/web/CBaseController.php(130): require('/Users/greg/pro...')
#3 /Users/greg/projects/dlcc/dlcc-site/yii-1.1.13.e9e4a0/framework/web/CBaseController.php(95): CBaseController->renderInternal('/Users/greg/pro...', Array, false)
#4 /Users/greg/projects/dlcc/dlcc-site/yii-1.1.13.e9e4a0/framework/zii/widgets/CListView.php(281): CBaseController->renderFile('/Users/greg/pro...', Array)
#5 /Users/greg/projects/dlcc/dlcc-site/yii-1.1.13.e9e4a0/framework/zii/widgets/CBaseListView.php(160): CListView->renderItems()
#6 [internal function]: CBaseListView->renderSection(Array)
#7 /Users/greg/projects/dlcc/dlcc-site/yii-1.1.13.e9e4a0/framework/zii/widgets/CBaseListView.php(143): preg_replace_callback('/{(\w+)}/', Array, '{summary}?{sort...')
#8 /Users/greg/projects/dlcc/dlcc-site/yii-1.1.13.e9e4a0/framework/zii/widgets/CBaseListView.php(128): CBaseListView->renderContent()
#9 /Users/greg/projects/dlcc/dlcc-site/yii-1.1.13.e9e4a0/framework/web/CBaseController.php(173): CBaseListView->run()
#10 /Users/greg/projects/dlcc/dlcc-site/www/data-admin/protected/views/event/index.php(20): CBaseController->widget('zii.widgets.CLi...', Array)
#11 /Users/greg/projects/dlcc/dlcc-site/yii-1.1.13.e9e4a0/framework/web/CBaseController.php(126): require('/Users/greg/pro...')
#12 /Users/greg/projects/dlcc/dlcc-site/yii-1.1.13.e9e4a0/framework/web/CBaseController.php(95): CBaseController->renderInternal('/Users/greg/pro...', Array, true)
#13 /Users/greg/projects/dlcc/dlcc-site/yii-1.1.13.e9e4a0/framework/web/CController.php(869): CBaseController->renderFile('/Users/greg/pro...', Array, true)
#14 /Users/greg/projects/dlcc/dlcc-site/yii-1.1.13.e9e4a0/framework/web/CController.php(782): CController->renderPartial('index', Array, true)
#15 /Users/greg/projects/dlcc/dlcc-site/www/data-admin/protected/controllers/EventController.php(128): CController->render('index', Array)
#16 /Users/greg/projects/dlcc/dlcc-site/yii-1.1.13.e9e4a0/framework/web/actions/CInlineAction.php(49): EventController->actionIndex()
#17 /Users/greg/projects/dlcc/dlcc-site/yii-1.1.13.e9e4a0/framework/web/CController.php(308): CInlineAction->runWithParams(Array)
#18 /Users/greg/projects/dlcc/dlcc-site/yii-1.1.13.e9e4a0/framework/web/filters/CFilterChain.php(133): CController->runAction(Object(CInlineAction))
#19 /Users/greg/projects/dlcc/dlcc-site/yii-1.1.13.e9e4a0/framework/web/filters/CFilter.php(40): CFilterChain->run()
#20 /Users/greg/projects/dlcc/dlcc-site/yii-1.1.13.e9e4a0/framework/web/CController.php(1145): CFilter->filter(Object(CFilterChain))
#21 /Users/greg/projects/dlcc/dlcc-site/yii-1.1.13.e9e4a0/framework/web/filters/CInlineFilter.php(58): CController->filterAccessControl(Object(CFilterChain))
#22 /Users/greg/projects/dlcc/dlcc-site/yii-1.1.13.e9e4a0/framework/web/filters/CFilterChain.php(130): CInlineFilter->filter(Object(CFilterChain))
#23 /Users/greg/projects/dlcc/dlcc-site/yii-1.1.13.e9e4a0/framework/web/CController.php(291): CFilterChain->run()
#24 /Users/greg/projects/dlcc/dlcc-site/yii-1.1.13.e9e4a0/framework/web/CController.php(265): CController->runActionWithFilters(Object(CInlineAction), Array)
#25 /Users/greg/projects/dlcc/dlcc-site/yii-1.1.13.e9e4a0/framework/web/CWebApplication.php(282): CController->run('')
#26 /Users/greg/projects/dlcc/dlcc-site/yii-1.1.13.e9e4a0/framework/web/CWebApplication.php(141): CWebApplication->runController('event')
#27 /Users/greg/projects/dlcc/dlcc-site/yii-1.1.13.e9e4a0/framework/base/CApplication.php(169): CWebApplication->processRequest()
#28 /Users/greg/projects/dlcc/dlcc-site/www/data-admin/index.php(13): CApplication->run()
#29 {main}
REQUEST_URI=/dlcc/data-admin/index.php?r=event
HTTP_REFERER=http://127.0.0.1/dlcc/data-admin/index.php?r=gii/crud
---
2013/04/17 18:00:24 [error] [exception.CException] exception 'CException' with message 'Property "Event.description" is not defined.' in /Users/greg/projects/dlcc/dlcc-site/yii-1.1.13.e9e4a0/framework/base/CComponent.php:130
Stack trace:
#0 /Users/greg/projects/dlcc/dlcc-site/yii-1.1.13.e9e4a0/framework/db/ar/CActiveRecord.php(143): CComponent->__get('description')
#1 /Users/greg/projects/dlcc/dlcc-site/yii-1.1.13.e9e4a0/framework/web/helpers/CHtml.php(2255): CActiveRecord->__get('description')
#2 /Users/greg/projects/dlcc/dlcc-site/yii-1.1.13.e9e4a0/framework/web/helpers/CHtml.php(1417): CHtml::resolveValue(Object(Event), 'description')
#3 /Users/greg/projects/dlcc/dlcc-site/yii-1.1.13.e9e4a0/framework/web/widgets/CActiveForm.php(702): CHtml::activeTextArea(Object(Event), 'description', Array)
#4 /Users/greg/projects/dlcc/dlcc-site/www/data-admin/protected/views/event/_form.php(44): CActiveForm->textArea(Object(Event), 'description', Array)
#5 /Users/greg/projects/dlcc/dlcc-site/yii-1.1.13.e9e4a0/framework/web/CBaseController.php(126): require('/Users/greg/pro...')
#6 /Users/greg/projects/dlcc/dlcc-site/yii-1.1.13.e9e4a0/framework/web/CBaseController.php(95): CBaseController->renderInternal('/Users/greg/pro...', Array, true)
#7 /Users/greg/projects/dlcc/dlcc-site/yii-1.1.13.e9e4a0/framework/web/CController.php(869): CBaseController->renderFile('/Users/greg/pro...', Array, true)
#8 /Users/greg/projects/dlcc/dlcc-site/www/data-admin/protected/views/event/create.php(18): CController->renderPartial('_form', Array)
#9 /Users/greg/projects/dlcc/dlcc-site/yii-1.1.13.e9e4a0/framework/web/CBaseController.php(126): require('/Users/greg/pro...')
#10 /Users/greg/projects/dlcc/dlcc-site/yii-1.1.13.e9e4a0/framework/web/CBaseController.php(95): CBaseController->renderInternal('/Users/greg/pro...', Array, true)
#11 /Users/greg/projects/dlcc/dlcc-site/yii-1.1.13.e9e4a0/framework/web/CController.php(869): CBaseController->renderFile('/Users/greg/pro...', Array, true)
#12 /Users/greg/projects/dlcc/dlcc-site/yii-1.1.13.e9e4a0/framework/web/CController.php(782): CController->renderPartial('create', Array, true)
#13 /Users/greg/projects/dlcc/dlcc-site/www/data-admin/protected/controllers/EventController.php(79): CController->render('create', Array)
#14 /Users/greg/projects/dlcc/dlcc-site/yii-1.1.13.e9e4a0/framework/web/actions/CInlineAction.php(49): EventController->actionCreate()
#15 /Users/greg/projects/dlcc/dlcc-site/yii-1.1.13.e9e4a0/framework/web/CController.php(308): CInlineAction->runWithParams(Array)
#16 /Users/greg/projects/dlcc/dlcc-site/yii-1.1.13.e9e4a0/framework/web/filters/CFilterChain.php(133): CController->runAction(Object(CInlineAction))
#17 /Users/greg/projects/dlcc/dlcc-site/yii-1.1.13.e9e4a0/framework/web/filters/CFilter.php(40): CFilterChain->run()
#18 /Users/greg/projects/dlcc/dlcc-site/yii-1.1.13.e9e4a0/framework/web/CController.php(1145): CFilter->filter(Object(CFilterChain))
#19 /Users/greg/projects/dlcc/dlcc-site/yii-1.1.13.e9e4a0/framework/web/filters/CInlineFilter.php(58): CController->filterAccessControl(Object(CFilterChain))
#20 /Users/greg/projects/dlcc/dlcc-site/yii-1.1.13.e9e4a0/framework/web/filters/CFilterChain.php(130): CInlineFilter->filter(Object(CFilterChain))
#21 /Users/greg/projects/dlcc/dlcc-site/yii-1.1.13.e9e4a0/framework/web/CController.php(291): CFilterChain->run()
#22 /Users/greg/projects/dlcc/dlcc-site/yii-1.1.13.e9e4a0/framework/web/CController.php(265): CController->runActionWithFilters(Object(CInlineAction), Array)
#23 /Users/greg/projects/dlcc/dlcc-site/yii-1.1.13.e9e4a0/framework/web/CWebApplication.php(282): CController->run('create')
#24 /Users/greg/projects/dlcc/dlcc-site/yii-1.1.13.e9e4a0/framework/web/CWebApplication.php(141): CWebApplication->runController('event/create')
#25 /Users/greg/projects/dlcc/dlcc-site/yii-1.1.13.e9e4a0/framework/base/CApplication.php(169): CWebApplication->processRequest()
#26 /Users/greg/projects/dlcc/dlcc-site/www/data-admin/index.php(13): CApplication->run()
#27 {main}
REQUEST_URI=/dlcc/data-admin/index.php?r=event/create
---
2013/04/17 18:00:27 [error] [exception.CException] exception 'CException' with message 'Property "Event.description" is not defined.' in /Users/greg/projects/dlcc/dlcc-site/yii-1.1.13.e9e4a0/framework/base/CComponent.php:130
Stack trace:
#0 /Users/greg/projects/dlcc/dlcc-site/yii-1.1.13.e9e4a0/framework/db/ar/CActiveRecord.php(143): CComponent->__get('description')
#1 /Users/greg/projects/dlcc/dlcc-site/www/data-admin/protected/views/event/_view.php(29): CActiveRecord->__get('description')
#2 /Users/greg/projects/dlcc/dlcc-site/yii-1.1.13.e9e4a0/framework/web/CBaseController.php(130): require('/Users/greg/pro...')
#3 /Users/greg/projects/dlcc/dlcc-site/yii-1.1.13.e9e4a0/framework/web/CBaseController.php(95): CBaseController->renderInternal('/Users/greg/pro...', Array, false)
#4 /Users/greg/projects/dlcc/dlcc-site/yii-1.1.13.e9e4a0/framework/zii/widgets/CListView.php(281): CBaseController->renderFile('/Users/greg/pro...', Array)
#5 /Users/greg/projects/dlcc/dlcc-site/yii-1.1.13.e9e4a0/framework/zii/widgets/CBaseListView.php(160): CListView->renderItems()
#6 [internal function]: CBaseListView->renderSection(Array)
#7 /Users/greg/projects/dlcc/dlcc-site/yii-1.1.13.e9e4a0/framework/zii/widgets/CBaseListView.php(143): preg_replace_callback('/{(\w+)}/', Array, '{summary}?{sort...')
#8 /Users/greg/projects/dlcc/dlcc-site/yii-1.1.13.e9e4a0/framework/zii/widgets/CBaseListView.php(128): CBaseListView->renderContent()
#9 /Users/greg/projects/dlcc/dlcc-site/yii-1.1.13.e9e4a0/framework/web/CBaseController.php(173): CBaseListView->run()
#10 /Users/greg/projects/dlcc/dlcc-site/www/data-admin/protected/views/event/index.php(20): CBaseController->widget('zii.widgets.CLi...', Array)
#11 /Users/greg/projects/dlcc/dlcc-site/yii-1.1.13.e9e4a0/framework/web/CBaseController.php(126): require('/Users/greg/pro...')
#12 /Users/greg/projects/dlcc/dlcc-site/yii-1.1.13.e9e4a0/framework/web/CBaseController.php(95): CBaseController->renderInternal('/Users/greg/pro...', Array, true)
#13 /Users/greg/projects/dlcc/dlcc-site/yii-1.1.13.e9e4a0/framework/web/CController.php(869): CBaseController->renderFile('/Users/greg/pro...', Array, true)
#14 /Users/greg/projects/dlcc/dlcc-site/yii-1.1.13.e9e4a0/framework/web/CController.php(782): CController->renderPartial('index', Array, true)
#15 /Users/greg/projects/dlcc/dlcc-site/www/data-admin/protected/controllers/EventController.php(128): CController->render('index', Array)
#16 /Users/greg/projects/dlcc/dlcc-site/yii-1.1.13.e9e4a0/framework/web/actions/CInlineAction.php(49): EventController->actionIndex()
#17 /Users/greg/projects/dlcc/dlcc-site/yii-1.1.13.e9e4a0/framework/web/CController.php(308): CInlineAction->runWithParams(Array)
#18 /Users/greg/projects/dlcc/dlcc-site/yii-1.1.13.e9e4a0/framework/web/filters/CFilterChain.php(133): CController->runAction(Object(CInlineAction))
#19 /Users/greg/projects/dlcc/dlcc-site/yii-1.1.13.e9e4a0/framework/web/filters/CFilter.php(40): CFilterChain->run()
#20 /Users/greg/projects/dlcc/dlcc-site/yii-1.1.13.e9e4a0/framework/web/CController.php(1145): CFilter->filter(Object(CFilterChain))
#21 /Users/greg/projects/dlcc/dlcc-site/yii-1.1.13.e9e4a0/framework/web/filters/CInlineFilter.php(58): CController->filterAccessControl(Object(CFilterChain))
#22 /Users/greg/projects/dlcc/dlcc-site/yii-1.1.13.e9e4a0/framework/web/filters/CFilterChain.php(130): CInlineFilter->filter(Object(CFilterChain))
#23 /Users/greg/projects/dlcc/dlcc-site/yii-1.1.13.e9e4a0/framework/web/CController.php(291): CFilterChain->run()
#24 /Users/greg/projects/dlcc/dlcc-site/yii-1.1.13.e9e4a0/framework/web/CController.php(265): CController->runActionWithFilters(Object(CInlineAction), Array)
#25 /Users/greg/projects/dlcc/dlcc-site/yii-1.1.13.e9e4a0/framework/web/CWebApplication.php(282): CController->run('')
#26 /Users/greg/projects/dlcc/dlcc-site/yii-1.1.13.e9e4a0/framework/web/CWebApplication.php(141): CWebApplication->runController('event')
#27 /Users/greg/projects/dlcc/dlcc-site/yii-1.1.13.e9e4a0/framework/base/CApplication.php(169): CWebApplication->processRequest()
#28 /Users/greg/projects/dlcc/dlcc-site/www/data-admin/index.php(13): CApplication->run()
#29 {main}
REQUEST_URI=/dlcc/data-admin/index.php?r=event
---
2013/04/17 18:00:37 [error] [exception.CException] exception 'CException' with message 'Property "Event.description" is not defined.' in /Users/greg/projects/dlcc/dlcc-site/yii-1.1.13.e9e4a0/framework/base/CComponent.php:130
Stack trace:
#0 /Users/greg/projects/dlcc/dlcc-site/yii-1.1.13.e9e4a0/framework/db/ar/CActiveRecord.php(143): CComponent->__get('description')
#1 /Users/greg/projects/dlcc/dlcc-site/www/data-admin/protected/views/event/_view.php(29): CActiveRecord->__get('description')
#2 /Users/greg/projects/dlcc/dlcc-site/yii-1.1.13.e9e4a0/framework/web/CBaseController.php(130): require('/Users/greg/pro...')
#3 /Users/greg/projects/dlcc/dlcc-site/yii-1.1.13.e9e4a0/framework/web/CBaseController.php(95): CBaseController->renderInternal('/Users/greg/pro...', Array, false)
#4 /Users/greg/projects/dlcc/dlcc-site/yii-1.1.13.e9e4a0/framework/zii/widgets/CListView.php(281): CBaseController->renderFile('/Users/greg/pro...', Array)
#5 /Users/greg/projects/dlcc/dlcc-site/yii-1.1.13.e9e4a0/framework/zii/widgets/CBaseListView.php(160): CListView->renderItems()
#6 [internal function]: CBaseListView->renderSection(Array)
#7 /Users/greg/projects/dlcc/dlcc-site/yii-1.1.13.e9e4a0/framework/zii/widgets/CBaseListView.php(143): preg_replace_callback('/{(\w+)}/', Array, '{summary}?{sort...')
#8 /Users/greg/projects/dlcc/dlcc-site/yii-1.1.13.e9e4a0/framework/zii/widgets/CBaseListView.php(128): CBaseListView->renderContent()
#9 /Users/greg/projects/dlcc/dlcc-site/yii-1.1.13.e9e4a0/framework/web/CBaseController.php(173): CBaseListView->run()
#10 /Users/greg/projects/dlcc/dlcc-site/www/data-admin/protected/views/event/index.php(20): CBaseController->widget('zii.widgets.CLi...', Array)
#11 /Users/greg/projects/dlcc/dlcc-site/yii-1.1.13.e9e4a0/framework/web/CBaseController.php(126): require('/Users/greg/pro...')
#12 /Users/greg/projects/dlcc/dlcc-site/yii-1.1.13.e9e4a0/framework/web/CBaseController.php(95): CBaseController->renderInternal('/Users/greg/pro...', Array, true)
#13 /Users/greg/projects/dlcc/dlcc-site/yii-1.1.13.e9e4a0/framework/web/CController.php(869): CBaseController->renderFile('/Users/greg/pro...', Array, true)
#14 /Users/greg/projects/dlcc/dlcc-site/yii-1.1.13.e9e4a0/framework/web/CController.php(782): CController->renderPartial('index', Array, true)
#15 /Users/greg/projects/dlcc/dlcc-site/www/data-admin/protected/controllers/EventController.php(128): CController->render('index', Array)
#16 /Users/greg/projects/dlcc/dlcc-site/yii-1.1.13.e9e4a0/framework/web/actions/CInlineAction.php(49): EventController->actionIndex()
#17 /Users/greg/projects/dlcc/dlcc-site/yii-1.1.13.e9e4a0/framework/web/CController.php(308): CInlineAction->runWithParams(Array)
#18 /Users/greg/projects/dlcc/dlcc-site/yii-1.1.13.e9e4a0/framework/web/filters/CFilterChain.php(133): CController->runAction(Object(CInlineAction))
#19 /Users/greg/projects/dlcc/dlcc-site/yii-1.1.13.e9e4a0/framework/web/filters/CFilter.php(40): CFilterChain->run()
#20 /Users/greg/projects/dlcc/dlcc-site/yii-1.1.13.e9e4a0/framework/web/CController.php(1145): CFilter->filter(Object(CFilterChain))
#21 /Users/greg/projects/dlcc/dlcc-site/yii-1.1.13.e9e4a0/framework/web/filters/CInlineFilter.php(58): CController->filterAccessControl(Object(CFilterChain))
#22 /Users/greg/projects/dlcc/dlcc-site/yii-1.1.13.e9e4a0/framework/web/filters/CFilterChain.php(130): CInlineFilter->filter(Object(CFilterChain))
#23 /Users/greg/projects/dlcc/dlcc-site/yii-1.1.13.e9e4a0/framework/web/CController.php(291): CFilterChain->run()
#24 /Users/greg/projects/dlcc/dlcc-site/yii-1.1.13.e9e4a0/framework/web/CController.php(265): CController->runActionWithFilters(Object(CInlineAction), Array)
#25 /Users/greg/projects/dlcc/dlcc-site/yii-1.1.13.e9e4a0/framework/web/CWebApplication.php(282): CController->run('')
#26 /Users/greg/projects/dlcc/dlcc-site/yii-1.1.13.e9e4a0/framework/web/CWebApplication.php(141): CWebApplication->runController('event')
#27 /Users/greg/projects/dlcc/dlcc-site/yii-1.1.13.e9e4a0/framework/base/CApplication.php(169): CWebApplication->processRequest()
#28 /Users/greg/projects/dlcc/dlcc-site/www/data-admin/index.php(13): CApplication->run()
#29 {main}
REQUEST_URI=/dlcc/data-admin/index.php?r=event
---
2013/04/18 13:50:22 [error] [exception.CException] exception 'CException' with message 'Property "Event.description" is not defined.' in /Users/greg/projects/dlcc/dlcc-site/yii-1.1.13.e9e4a0/framework/base/CComponent.php:130
Stack trace:
#0 /Users/greg/projects/dlcc/dlcc-site/yii-1.1.13.e9e4a0/framework/db/ar/CActiveRecord.php(143): CComponent->__get('description')
#1 /Users/greg/projects/dlcc/dlcc-site/yii-1.1.13.e9e4a0/framework/validators/CRequiredValidator.php(51): CActiveRecord->__get('description')
#2 /Users/greg/projects/dlcc/dlcc-site/yii-1.1.13.e9e4a0/framework/validators/CValidator.php(213): CRequiredValidator->validateAttribute(Object(Event), 'description')
#3 /Users/greg/projects/dlcc/dlcc-site/yii-1.1.13.e9e4a0/framework/base/CModel.php(159): CValidator->validate(Object(Event), NULL)
#4 /Users/greg/projects/dlcc/dlcc-site/yii-1.1.13.e9e4a0/framework/db/ar/CActiveRecord.php(794): CModel->validate(NULL)
#5 /Users/greg/projects/dlcc/dlcc-site/www/data-admin/protected/controllers/EventController.php(73): CActiveRecord->save()
#6 /Users/greg/projects/dlcc/dlcc-site/yii-1.1.13.e9e4a0/framework/web/actions/CInlineAction.php(49): EventController->actionCreate()
#7 /Users/greg/projects/dlcc/dlcc-site/yii-1.1.13.e9e4a0/framework/web/CController.php(308): CInlineAction->runWithParams(Array)
#8 /Users/greg/projects/dlcc/dlcc-site/yii-1.1.13.e9e4a0/framework/web/filters/CFilterChain.php(133): CController->runAction(Object(CInlineAction))
#9 /Users/greg/projects/dlcc/dlcc-site/yii-1.1.13.e9e4a0/framework/web/filters/CFilter.php(40): CFilterChain->run()
#10 /Users/greg/projects/dlcc/dlcc-site/yii-1.1.13.e9e4a0/framework/web/CController.php(1145): CFilter->filter(Object(CFilterChain))
#11 /Users/greg/projects/dlcc/dlcc-site/yii-1.1.13.e9e4a0/framework/web/filters/CInlineFilter.php(58): CController->filterAccessControl(Object(CFilterChain))
#12 /Users/greg/projects/dlcc/dlcc-site/yii-1.1.13.e9e4a0/framework/web/filters/CFilterChain.php(130): CInlineFilter->filter(Object(CFilterChain))
#13 /Users/greg/projects/dlcc/dlcc-site/yii-1.1.13.e9e4a0/framework/web/CController.php(291): CFilterChain->run()
#14 /Users/greg/projects/dlcc/dlcc-site/yii-1.1.13.e9e4a0/framework/web/CController.php(265): CController->runActionWithFilters(Object(CInlineAction), Array)
#15 /Users/greg/projects/dlcc/dlcc-site/yii-1.1.13.e9e4a0/framework/web/CWebApplication.php(282): CController->run('create')
#16 /Users/greg/projects/dlcc/dlcc-site/yii-1.1.13.e9e4a0/framework/web/CWebApplication.php(141): CWebApplication->runController('event/create')
#17 /Users/greg/projects/dlcc/dlcc-site/yii-1.1.13.e9e4a0/framework/base/CApplication.php(169): CWebApplication->processRequest()
#18 /Users/greg/projects/dlcc/dlcc-site/www/data-admin/index.php(13): CApplication->run()
#19 {main}
REQUEST_URI=/dlcc/data-admin/index.php?r=event/create
HTTP_REFERER=http://127.0.0.1/dlcc/data-admin/index.php?r=event/create
---
2013/04/18 13:51:25 [error] [exception.CException] exception 'CException' with message 'Property "Event.description" is not defined.' in /Users/greg/projects/dlcc/dlcc-site/yii-1.1.13.e9e4a0/framework/base/CComponent.php:130
Stack trace:
#0 /Users/greg/projects/dlcc/dlcc-site/yii-1.1.13.e9e4a0/framework/db/ar/CActiveRecord.php(143): CComponent->__get('description')
#1 /Users/greg/projects/dlcc/dlcc-site/yii-1.1.13.e9e4a0/framework/validators/CRequiredValidator.php(51): CActiveRecord->__get('description')
#2 /Users/greg/projects/dlcc/dlcc-site/yii-1.1.13.e9e4a0/framework/validators/CValidator.php(213): CRequiredValidator->validateAttribute(Object(Event), 'description')
#3 /Users/greg/projects/dlcc/dlcc-site/yii-1.1.13.e9e4a0/framework/base/CModel.php(159): CValidator->validate(Object(Event), NULL)
#4 /Users/greg/projects/dlcc/dlcc-site/yii-1.1.13.e9e4a0/framework/db/ar/CActiveRecord.php(794): CModel->validate(NULL)
#5 /Users/greg/projects/dlcc/dlcc-site/www/data-admin/protected/controllers/EventController.php(73): CActiveRecord->save()
#6 /Users/greg/projects/dlcc/dlcc-site/yii-1.1.13.e9e4a0/framework/web/actions/CInlineAction.php(49): EventController->actionCreate()
#7 /Users/greg/projects/dlcc/dlcc-site/yii-1.1.13.e9e4a0/framework/web/CController.php(308): CInlineAction->runWithParams(Array)
#8 /Users/greg/projects/dlcc/dlcc-site/yii-1.1.13.e9e4a0/framework/web/filters/CFilterChain.php(133): CController->runAction(Object(CInlineAction))
#9 /Users/greg/projects/dlcc/dlcc-site/yii-1.1.13.e9e4a0/framework/web/filters/CFilter.php(40): CFilterChain->run()
#10 /Users/greg/projects/dlcc/dlcc-site/yii-1.1.13.e9e4a0/framework/web/CController.php(1145): CFilter->filter(Object(CFilterChain))
#11 /Users/greg/projects/dlcc/dlcc-site/yii-1.1.13.e9e4a0/framework/web/filters/CInlineFilter.php(58): CController->filterAccessControl(Object(CFilterChain))
#12 /Users/greg/projects/dlcc/dlcc-site/yii-1.1.13.e9e4a0/framework/web/filters/CFilterChain.php(130): CInlineFilter->filter(Object(CFilterChain))
#13 /Users/greg/projects/dlcc/dlcc-site/yii-1.1.13.e9e4a0/framework/web/CController.php(291): CFilterChain->run()
#14 /Users/greg/projects/dlcc/dlcc-site/yii-1.1.13.e9e4a0/framework/web/CController.php(265): CController->runActionWithFilters(Object(CInlineAction), Array)
#15 /Users/greg/projects/dlcc/dlcc-site/yii-1.1.13.e9e4a0/framework/web/CWebApplication.php(282): CController->run('create')
#16 /Users/greg/projects/dlcc/dlcc-site/yii-1.1.13.e9e4a0/framework/web/CWebApplication.php(141): CWebApplication->runController('event/create')
#17 /Users/greg/projects/dlcc/dlcc-site/yii-1.1.13.e9e4a0/framework/base/CApplication.php(169): CWebApplication->processRequest()
#18 /Users/greg/projects/dlcc/dlcc-site/www/data-admin/index.php(13): CApplication->run()
#19 {main}
REQUEST_URI=/dlcc/data-admin/index.php?r=event/create
HTTP_REFERER=http://127.0.0.1/dlcc/data-admin/index.php?r=event/create
---
